\BOOKMARK [0][-]{section*.1}{\376\377\000A\000b\000s\000t\000r\000a\000c\000t}{}% 1
\BOOKMARK [0][-]{section*.2}{\376\377\000A\000c\000k\000n\000o\000w\000l\000e\000d\000g\000e\000m\000e\000n\000t\000s}{}% 2
\BOOKMARK [0][-]{chapter.4}{\376\377\000I\000n\000t\000r\000o\000d\000u\000c\000t\000i\000o\000n}{}% 3
\BOOKMARK [1][-]{section.5}{\376\377\000W\000h\000a\000t\000\040\000i\000s\000\040\000S\000p\000e\000c\000i\000e\000s\000\040\000D\000i\000s\000t\000r\000i\000b\000u\000t\000i\000o\000n\000\040\000M\000o\000d\000e\000l\000i\000n\000g\000?}{chapter.4}% 4
\BOOKMARK [0][-]{chapter.6}{\376\377\000A\000p\000p\000r\000o\000a\000c\000h}{}% 5
\BOOKMARK [1][-]{subsection.7}{\376\377\000D\000a\000t\000a\000\040\000u\000s\000e\000d\000\040\000i\000n\000\040\000S\000p\000e\000c\000i\000e\000s\000\040\000D\000i\000s\000t\000r\000i\000b\000u\000t\000i\000o\000n\000\040\000M\000o\000d\000e\000l\000s}{chapter.6}% 6
\BOOKMARK [1][-]{section.8}{\376\377\000T\000h\000e\000\040\000M\000a\000x\000i\000m\000u\000m\000\040\000E\000n\000t\000r\000o\000p\000y\000\040\000M\000o\000d\000e\000l}{chapter.6}% 7
\BOOKMARK [2][-]{subsection.10}{\376\377\000M\000a\000x\000i\000m\000u\000m\000\040\000E\000n\000t\000r\000o\000p\000y\000\040\000E\000x\000a\000m\000p\000l\000e}{section.8}% 8
\BOOKMARK [2][-]{subsection.11}{\376\377\000C\000u\000r\000r\000e\000n\000t\000\040\000M\000a\000x\000E\000n\000t\000\040\000m\000o\000d\000e\000l}{section.8}% 9
\BOOKMARK [1][-]{section.13}{\376\377\000S\000p\000a\000c\000i\000a\000l\000-\000T\000e\000m\000p\000o\000r\000a\000l\000\040\000E\000x\000p\000l\000o\000r\000a\000t\000o\000r\000y\000\040\000A\000n\000a\000l\000y\000s\000i\000s}{chapter.6}% 10
\BOOKMARK [2][-]{subsection.14}{\376\377\000S\000p\000a\000t\000i\000a\000l\000\040\000A\000n\000a\000l\000y\000s\000i\000s\000\040\000a\000n\000d\000\040\000P\000r\000e\000d\000i\000c\000t\000o\000r\000\040\000S\000e\000l\000e\000c\000t\000i\000o\000n}{section.13}% 11
\BOOKMARK [2][-]{subsection.17}{\376\377\000T\000e\000m\000p\000o\000r\000a\000l\000\040\000A\000n\000a\000l\000y\000s\000i\000s}{section.13}% 12
\BOOKMARK [1][-]{section.18}{\376\377\000M\000o\000d\000e\000l\000\040\000A\000s\000s\000e\000s\000s\000m\000e\000n\000t\000\040}{chapter.6}% 13
\BOOKMARK [2][-]{subsection.19}{\376\377\000A\000s\000s\000e\000s\000s\000m\000e\000n\000t\000\040\000o\000f\000\040\000P\000e\000r\000f\000o\000r\000m\000a\000n\000c\000e\000\040}{section.18}% 14
\BOOKMARK [2][-]{subsection.21}{\376\377\000T\000h\000e\000\040\000A\000U\000C\000\040\000s\000t\000a\000t\000i\000s\000t\000i\000c\000\040\000f\000o\000r\000\040\000m\000o\000d\000e\000l\000\040\000a\000s\000s\000e\000s\000s\000m\000e\000n\000t\000\040}{section.18}% 15
\BOOKMARK [2][-]{subsection.22}{\376\377\000T\000h\000e\000\040\000F\000-\000A\000U\000C\000\040\000s\000t\000a\000t\000i\000s\000t\000i\000c\000\040\000f\000o\000r\000\040\000a\000s\000s\000e\000s\000s\000m\000e\000n\000t\000\040\000o\000f\000\040\000f\000u\000t\000u\000r\000e\000\040\000p\000r\000e\000d\000i\000c\000t\000i\000v\000e\000\040\000p\000o\000w\000e\000r\000\040}{section.18}% 16
\BOOKMARK [2][-]{subsection.23}{\376\377\000L\000i\000m\000i\000t\000a\000t\000i\000o\000n\000s\000\040\000o\000f\000\040\000A\000U\000C\000\040\000I\000n\000t\000e\000r\000p\000r\000e\000t\000a\000b\000i\000l\000i\000t\000y}{section.18}% 17
\BOOKMARK [1][-]{section.25}{\376\377\000E\000n\000s\000e\000m\000b\000l\000e\000\040\000M\000o\000d\000e\000l\000s}{chapter.6}% 18
\BOOKMARK [2][-]{subsection.26}{\376\377\000F\000u\000t\000u\000r\000e\000\040\000W\000o\000r\000k\000\040\000w\000i\000t\000h\000\040\000E\000n\000s\000e\000m\000b\000l\000e\000s}{section.25}% 19
\BOOKMARK [0][-]{chapter.27}{\376\377\000E\000x\000p\000l\000o\000r\000a\000t\000o\000r\000y\000\040\000A\000n\000a\000l\000y\000s\000i\000s\000\040\000a\000n\000d\000\040\000M\000o\000d\000e\000l\000\040\000D\000e\000v\000e\000l\000o\000p\000m\000e\000n\000t}{}% 20
\BOOKMARK [1][-]{section.28}{\376\377\000L\000o\000o\000k\000i\000n\000g\000\040\000a\000t\000\040\000d\000i\000s\000t\000r\000i\000b\000u\000t\000i\000o\000n\000s\000\040}{chapter.27}% 21
\BOOKMARK [1][-]{section.30}{\376\377\000W\000i\000n\000d\000o\000w\000\040\000s\000i\000z\000e\000\040\000i\000m\000p\000l\000i\000c\000a\000t\000i\000o\000n\000s\000\040}{chapter.27}% 22
\BOOKMARK [1][-]{section.33}{\376\377\000U\000n\000d\000e\000r\000s\000t\000a\000n\000d\000i\000n\000g\000\040\000p\000r\000e\000d\000i\000c\000t\000o\000r\000\040\000v\000a\000r\000i\000a\000b\000l\000e\000s}{chapter.27}% 23
\BOOKMARK [1][-]{section.35}{\376\377\000P\000o\000i\000s\000s\000o\000n\000\040\000p\000o\000i\000n\000t\000\040\000p\000r\000o\000c\000e\000s\000s\000\040\000m\000o\000d\000e\000l\000s\000\040\000f\000o\000r\000\040\000p\000r\000e\000d\000i\000c\000t\000o\000r\000\040\000s\000e\000l\000e\000c\000t\000i\000o\000n\000\040\000a\000n\000d\000\040\000e\000v\000a\000l\000u\000a\000t\000i\000o\000n}{chapter.27}% 24
\BOOKMARK [2][-]{subsection.37}{\376\377\000\040\000P\000r\000e\000d\000i\000c\000t\000o\000r\000\040\000r\000e\000d\000u\000c\000t\000i\000o\000n\000\040\000a\000l\000g\000o\000r\000i\000t\000h\000m}{section.35}% 25
\BOOKMARK [2][-]{subsection.38}{\376\377\000\040\000R\000e\000s\000u\000l\000t\000s\000\040\000f\000r\000o\000m\000\040\000p\000r\000e\000d\000i\000c\000t\000o\000r\000\040\000s\000e\000l\000e\000c\000t\000i\000o\000n\000\040\000e\000x\000p\000e\000r\000i\000m\000e\000n\000t\000s}{section.35}% 26
\BOOKMARK [1][-]{section.41}{\376\377\000C\000r\000e\000a\000t\000i\000n\000g\000\040\000M\000a\000x\000E\000n\000t\000\040\000m\000o\000d\000e\000l\000s}{chapter.27}% 27
\BOOKMARK [2][-]{subsection.42}{\376\377\000\040\000M\000a\000x\000E\000n\000t\000\040\000m\000o\000d\000e\000l\000\040\000f\000i\000t\000\040\000r\000e\000s\000u\000l\000t\000s}{section.41}% 28
\BOOKMARK [1][-]{section.44}{\376\377\000E\000v\000a\000l\000u\000a\000t\000i\000n\000g\000\040\000M\000a\000x\000E\000n\000t\000\040\000m\000o\000d\000e\000l\000s}{chapter.27}% 29
\BOOKMARK [1][-]{section.49}{\376\377\000F\000u\000t\000u\000r\000e\000\040\000d\000i\000r\000e\000c\000t\000i\000o\000n\000s}{chapter.27}% 30
\BOOKMARK [0][-]{chapter.50}{\376\377\000S\000o\000u\000r\000c\000e\000s}{}% 31
